<?xml version="1.0" encoding="UTF-8"?>
<robot generator="Robot 6.1.1 (Python 3.11.6 on win32)" generated="20231103 14:17:10.476" rpa="false" schemaversion="4">
<suite id="s1" name="Google Search Test" source="C:\Users\chris\OneDrive\Área de Trabalho\intelbras\develop\git\robot_tests\google-test\google_search_test.robot">
<test id="s1-t1" name="Cenário: Previsão do tempo em Florianópolis" line="5">
<kw name="Set Selenium Speed" library="SeleniumLibrary">
<arg>value=0.2</arg>
<doc>Sets the delay that is waited after each Selenium command.</doc>
<status status="PASS" starttime="20231103 14:17:10.652" endtime="20231103 14:17:10.652"/>
</kw>
<kw name="Open Browser" library="SeleniumLibrary">
<arg>http://www.google.com.br/</arg>
<arg>chrome</arg>
<doc>Opens a new browser instance to the optional ``url``.</doc>
<msg timestamp="20231103 14:17:10.653" level="INFO">Opening browser 'chrome' to base url 'http://www.google.com.br/'.</msg>
<status status="PASS" starttime="20231103 14:17:10.652" endtime="20231103 14:17:13.326"/>
</kw>
<kw name="Go To" library="SeleniumLibrary">
<arg>url=http://www.uol.com.br/</arg>
<doc>Navigates the current browser window to the provided ``url``.</doc>
<msg timestamp="20231103 14:17:13.327" level="INFO">Opening url 'http://www.uol.com.br/'</msg>
<status status="PASS" starttime="20231103 14:17:13.326" endtime="20231103 14:17:15.868"/>
</kw>
<kw name="Close Browser" library="SeleniumLibrary">
<doc>Closes the current browser.</doc>
<status status="PASS" starttime="20231103 14:17:15.868" endtime="20231103 14:17:18.348"/>
</kw>
<status status="PASS" starttime="20231103 14:17:10.651" endtime="20231103 14:17:18.348"/>
</test>
<status status="PASS" starttime="20231103 14:17:10.478" endtime="20231103 14:17:18.350"/>
</suite>
<statistics>
<total>
<stat pass="1" fail="0" skip="0">All Tests</stat>
</total>
<tag>
</tag>
<suite>
<stat pass="1" fail="0" skip="0" id="s1" name="Google Search Test">Google Search Test</stat>
</suite>
</statistics>
<errors>
</errors>
</robot>
